==3165== Memcheck, a memory error detector
==3165== Copyright (C) 2002-2017, and GNU GPL'd, by Julian Seward et al.
==3165== Using Valgrind-3.18.1 and LibVEX; rerun with -h for copyright info
==3165== Command: ./push_swap 2 42 -1 12 23
==3165== Parent PID: 404
==3165== 
==3165== 
==3165== HEAP SUMMARY:
==3165==     in use at exit: 64 bytes in 3 blocks
==3165==   total heap usage: 35 allocs, 32 frees, 470 bytes allocated
==3165== 
==3165== 8 bytes in 1 blocks are definitely lost in loss record 1 of 3
==3165==    at 0x4848899: malloc (in /usr/libexec/valgrind/vgpreload_memcheck-amd64-linux.so)
==3165==    by 0x10A352: ft_initialize_stacks (ft_start.c:49)
==3165==    by 0x10A3F1: ft_more_values (ft_start.c:62)
==3165==    by 0x10A276: ft_select_algorithm (ft_start.c:22)
==3165==    by 0x109242: main (push_swap.c:28)
==3165== 
==3165== 8 bytes in 1 blocks are definitely lost in loss record 2 of 3
==3165==    at 0x4848899: malloc (in /usr/libexec/valgrind/vgpreload_memcheck-amd64-linux.so)
==3165==    by 0x10A374: ft_initialize_stacks (ft_start.c:51)
==3165==    by 0x10A3F1: ft_more_values (ft_start.c:62)
==3165==    by 0x10A276: ft_select_algorithm (ft_start.c:22)
==3165==    by 0x109242: main (push_swap.c:28)
==3165== 
==3165== 48 bytes in 1 blocks are definitely lost in loss record 3 of 3
==3165==    at 0x4848899: malloc (in /usr/libexec/valgrind/vgpreload_memcheck-amd64-linux.so)
==3165==    by 0x109388: ft_alloc_mem_values (ft_checks.c:41)
==3165==    by 0x109270: ft_checks (ft_checks.c:17)
==3165==    by 0x109236: main (push_swap.c:27)
==3165== 
==3165== LEAK SUMMARY:
==3165==    definitely lost: 64 bytes in 3 blocks
==3165==    indirectly lost: 0 bytes in 0 blocks
==3165==      possibly lost: 0 bytes in 0 blocks
==3165==    still reachable: 0 bytes in 0 blocks
==3165==         suppressed: 0 bytes in 0 blocks
==3165== 
==3165== For lists of detected and suppressed errors, rerun with: -s
==3165== ERROR SUMMARY: 3 errors from 3 contexts (suppressed: 0 from 0)
